# JRE version: OpenJDK Runtime Environment (8.0_242-b01) (build 1.8.0_242-release-1644-b01)
# Java VM: OpenJDK 64-Bit Server VM (25.242-b01 mixed mode windows-amd64 compressed oops)
Heap:
 PSYoungGen      total 576512K, used 568976K [0x00000000d5580000, 0x0000000100000000, 0x0000000100000000)
  eden space 522752K, 98% used [0x00000000d5580000,0x00000000f4cd4040,0x00000000f5400000)
  from space 53760K, 99% used [0x00000000f5400000,0x00000000f88502e0,0x00000000f8880000)
  to   space 88576K, 0% used [0x00000000fa980000,0x00000000fa980000,0x0000000100000000)
 ParOldGen       total 195072K, used 142978K [0x0000000080000000, 0x000000008be80000, 0x00000000d5580000)
  object space 195072K, 73% used [0x0000000080000000,0x0000000088ba0a48,0x000000008be80000)
 Metaspace       used 120927K, capacity 130202K, committed 130472K, reserved 1163264K
  class space    used 15361K, capacity 16978K, committed 17072K, reserved 1048576K
GC Heap History (10 events):
Event: 6119.525 GC heap before
{Heap before GC invocations=34 (full 5):
 PSYoungGen      total 585216K, used 556940K [0x00000000d5580000, 0x00000000fc580000, 0x0000000100000000)
  eden space 532992K, 100% used [0x00000000d5580000,0x00000000f5e00000,0x00000000f5e00000)
  from space 52224K, 45% used [0x00000000f8e80000,0x00000000fa5e3180,0x00000000fc180000)
  to   space 49664K, 0% used [0x00000000f5e00000,0x00000000f5e00000,0x00000000f8e80000)
 ParOldGen       total 195072K, used 106594K [0x0000000080000000, 0x000000008be80000, 0x00000000d5580000)
  object space 195072K, 54% used [0x0000000080000000,0x00000000868189b0,0x000000008be80000)
 Metaspace       used 119665K, capacity 128710K, committed 129064K, reserved 1161216K
  class space    used 15226K, capacity 16844K, committed 16944K, reserved 1048576K
Event: 6122.991 GC heap after
Heap after GC invocations=34 (full 5):
 PSYoungGen      total 582656K, used 47006K [0x00000000d5580000, 0x0000000100000000, 0x0000000100000000)
  eden space 532992K, 0% used [0x00000000d5580000,0x00000000d5580000,0x00000000f5e00000)
  from space 49664K, 94% used [0x00000000f5e00000,0x00000000f8be7a68,0x00000000f8e80000)
  to   space 55296K, 0% used [0x00000000fca00000,0x00000000fca00000,0x0000000100000000)
 ParOldGen       total 195072K, used 106602K [0x0000000080000000, 0x000000008be80000, 0x00000000d5580000)
  object space 195072K, 54% used [0x0000000080000000,0x000000008681a9b0,0x000000008be80000)
 Metaspace       used 119665K, capacity 128710K, committed 129064K, reserved 1161216K
  class space    used 15226K, capacity 16844K, committed 16944K, reserved 1048576K
}
Event: 6141.689 GC heap before
{Heap before GC invocations=35 (full 5):
 PSYoungGen      total 582656K, used 579998K [0x00000000d5580000, 0x0000000100000000, 0x0000000100000000)
  eden space 532992K, 100% used [0x00000000d5580000,0x00000000f5e00000,0x00000000f5e00000)
  from space 49664K, 94% used [0x00000000f5e00000,0x00000000f8be7a68,0x00000000f8e80000)
  to   space 55296K, 0% used [0x00000000fca00000,0x00000000fca00000,0x0000000100000000)
 ParOldGen       total 195072K, used 106602K [0x0000000080000000, 0x000000008be80000, 0x00000000d5580000)
  object space 195072K, 54% used [0x0000000080000000,0x000000008681a9b0,0x000000008be80000)
 Metaspace       used 120614K, capacity 129816K, committed 129960K, reserved 1163264K
  class space    used 15353K, capacity 16971K, committed 17072K, reserved 1048576K
Event: 6149.989 GC heap after
Heap after GC invocations=35 (full 5):
 PSYoungGen      total 617984K, used 55281K [0x00000000d5580000, 0x0000000100000000, 0x0000000100000000)
  eden space 562688K, 0% used [0x00000000d5580000,0x00000000d5580000,0x00000000f7b00000)
  from space 55296K, 99% used [0x00000000fca00000,0x00000000ffffc740,0x0000000100000000)
  to   space 68096K, 0% used [0x00000000f7b00000,0x00000000f7b00000,0x00000000fbd80000)
 ParOldGen       total 195072K, used 119053K [0x0000000080000000, 0x000000008be80000, 0x00000000d5580000)
  object space 195072K, 61% used [0x0000000080000000,0x00000000874437b8,0x000000008be80000)
 Metaspace       used 120614K, capacity 129816K, committed 129960K, reserved 1163264K
  class space    used 15353K, capacity 16971K, committed 17072K, reserved 1048576K
}
Event: 6163.336 GC heap before
{Heap before GC invocations=36 (full 5):
 PSYoungGen      total 617984K, used 617969K [0x00000000d5580000, 0x0000000100000000, 0x0000000100000000)
  eden space 562688K, 100% used [0x00000000d5580000,0x00000000f7b00000,0x00000000f7b00000)
  from space 55296K, 99% used [0x00000000fca00000,0x00000000ffffc740,0x0000000100000000)
  to   space 68096K, 0% used [0x00000000f7b00000,0x00000000f7b00000,0x00000000fbd80000)
 ParOldGen       total 195072K, used 119053K [0x0000000080000000, 0x000000008be80000, 0x00000000d5580000)
  object space 195072K, 61% used [0x0000000080000000,0x00000000874437b8,0x000000008be80000)
 Metaspace       used 120746K, capacity 129902K, committed 130216K, reserved 1163264K
  class space    used 15354K, capacity 16972K, committed 17072K, reserved 1048576K
Event: 6172.750 GC heap after
Heap after GC invocations=36 (full 5):
 PSYoungGen      total 630784K, used 68082K [0x00000000d5580000, 0x0000000100000000, 0x0000000100000000)
  eden space 562688K, 0% used [0x00000000d5580000,0x00000000d5580000,0x00000000f7b00000)
  from space 68096K, 99% used [0x00000000f7b00000,0x00000000fbd7ca40,0x00000000fbd80000)
  to   space 68096K, 0% used [0x00000000fbd80000,0x00000000fbd80000,0x0000000100000000)
 ParOldGen       total 195072K, used 130468K [0x0000000080000000, 0x000000008be80000, 0x00000000d5580000)
  object space 195072K, 66% used [0x0000000080000000,0x0000000087f692a0,0x000000008be80000)
 Metaspace       used 120746K, capacity 129902K, committed 130216K, reserved 1163264K
  class space    used 15354K, capacity 16972K, committed 17072K, reserved 1048576K
}
Event: 6184.473 GC heap before
{Heap before GC invocations=37 (full 5):
 PSYoungGen      total 630784K, used 630770K [0x00000000d5580000, 0x0000000100000000, 0x0000000100000000)
  eden space 562688K, 100% used [0x00000000d5580000,0x00000000f7b00000,0x00000000f7b00000)
  from space 68096K, 99% used [0x00000000f7b00000,0x00000000fbd7ca40,0x00000000fbd80000)
  to   space 68096K, 0% used [0x00000000fbd80000,0x00000000fbd80000,0x0000000100000000)
 ParOldGen       total 195072K, used 130468K [0x0000000080000000, 0x000000008be80000, 0x00000000d5580000)
  object space 195072K, 66% used [0x0000000080000000,0x0000000087f692a0,0x000000008be80000)
 Metaspace       used 120834K, capacity 130046K, committed 130216K, reserved 1163264K
  class space    used 15357K, capacity 16974K, committed 17072K, reserved 1048576K
Event: 6187.127 GC heap after
Heap after GC invocations=37 (full 5):
 PSYoungGen      total 590848K, used 63150K [0x00000000d5580000, 0x0000000100000000, 0x0000000100000000)
  eden space 522752K, 0% used [0x00000000d5580000,0x00000000d5580000,0x00000000f5400000)
  from space 68096K, 92% used [0x00000000fbd80000,0x00000000ffb2bb28,0x0000000100000000)
  to   space 88064K, 0% used [0x00000000f5400000,0x00000000f5400000,0x00000000faa00000)
 ParOldGen       total 195072K, used 137672K [0x0000000080000000, 0x000000008be80000, 0x00000000d5580000)
  object space 195072K, 70% used [0x0000000080000000,0x0000000088672210,0x000000008be80000)
 Metaspace       used 120834K, capacity 130046K, committed 130216K, reserved 1163264K
  class space    used 15357K, capacity 16974K, committed 17072K, reserved 1048576K
}
Event: 6199.037 GC heap before
{Heap before GC invocations=38 (full 5):
 PSYoungGen      total 590848K, used 585902K [0x00000000d5580000, 0x0000000100000000, 0x0000000100000000)
  eden space 522752K, 100% used [0x00000000d5580000,0x00000000f5400000,0x00000000f5400000)
  from space 68096K, 92% used [0x00000000fbd80000,0x00000000ffb2bb28,0x0000000100000000)
  to   space 88064K, 0% used [0x00000000f5400000,0x00000000f5400000,0x00000000faa00000)
 ParOldGen       total 195072K, used 137672K [0x0000000080000000, 0x000000008be80000, 0x00000000d5580000)
  object space 195072K, 70% used [0x0000000080000000,0x0000000088672210,0x000000008be80000)
 Metaspace       used 120884K, capacity 130128K, committed 130472K, reserved 1163264K
  class space    used 15360K, capacity 16977K, committed 17072K, reserved 1048576K
Event: 6200.431 GC heap after
Heap after GC invocations=38 (full 5):
 PSYoungGen      total 576512K, used 53568K [0x00000000d5580000, 0x0000000100000000, 0x0000000100000000)
  eden space 522752K, 0% used [0x00000000d5580000,0x00000000d5580000,0x00000000f5400000)
  from space 53760K, 99% used [0x00000000f5400000,0x00000000f88502e0,0x00000000f8880000)
  to   space 88576K, 0% used [0x00000000fa980000,0x00000000fa980000,0x0000000100000000)
 ParOldGen       total 195072K, used 142978K [0x0000000080000000, 0x000000008be80000, 0x00000000d5580000)
  object space 195072K, 73% used [0x0000000080000000,0x0000000088ba0a48,0x000000008be80000)
 Metaspace       used 120884K, capacity 130128K, committed 130472K, reserved 1163264K
  class space    used 15360K, capacity 16977K, committed 17072K, reserved 1048576K
}

