# JRE version: OpenJDK Runtime Environment (8.0_242-b01) (build 1.8.0_242-release-1644-b01)
# Java VM: OpenJDK 64-Bit Server VM (25.242-b01 mixed mode windows-amd64 compressed oops)
Heap:
 PSYoungGen      total 175104K, used 33116K [0x00000000d5580000, 0x00000000e1300000, 0x0000000100000000)
  eden space 162816K, 12% used [0x00000000d5580000,0x00000000d69d7b38,0x00000000df480000)
  from space 12288K, 99% used [0x00000000df480000,0x00000000e007f890,0x00000000e0080000)
  to   space 11264K, 0% used [0x00000000e0080000,0x00000000e0080000,0x00000000e0b80000)
 ParOldGen       total 53760K, used 23616K [0x0000000080000000, 0x0000000083480000, 0x00000000d5580000)
  object space 53760K, 43% used [0x0000000080000000,0x0000000081710310,0x0000000083480000)
 Metaspace       used 49757K, capacity 51356K, committed 51624K, reserved 1095680K
  class space    used 6648K, capacity 7039K, committed 7088K, reserved 1048576K
GC Heap History (10 events):
Event: 9.773 GC heap before
{Heap before GC invocations=9 (full 1):
 PSYoungGen      total 125440K, used 5493K [0x00000000d5580000, 0x00000000dd880000, 0x0000000100000000)
  eden space 116736K, 0% used [0x00000000d5580000,0x00000000d5580000,0x00000000dc780000)
  from space 8704K, 63% used [0x00000000dd000000,0x00000000dd55d440,0x00000000dd880000)
  to   space 8704K, 0% used [0x00000000dc780000,0x00000000dc780000,0x00000000dd000000)
 ParOldGen       total 38400K, used 8937K [0x0000000080000000, 0x0000000082580000, 0x00000000d5580000)
  object space 38400K, 23% used [0x0000000080000000,0x00000000808ba590,0x0000000082580000)
 Metaspace       used 20596K, capacity 21228K, committed 21296K, reserved 1067008K
  class space    used 2877K, capacity 3084K, committed 3120K, reserved 1048576K
Event: 9.841 GC heap after
Heap after GC invocations=9 (full 1):
 PSYoungGen      total 125440K, used 0K [0x00000000d5580000, 0x00000000dd880000, 0x0000000100000000)
  eden space 116736K, 0% used [0x00000000d5580000,0x00000000d5580000,0x00000000dc780000)
  from space 8704K, 0% used [0x00000000dd000000,0x00000000dd000000,0x00000000dd880000)
  to   space 8704K, 0% used [0x00000000dc780000,0x00000000dc780000,0x00000000dd000000)
 ParOldGen       total 33792K, used 9728K [0x0000000080000000, 0x0000000082100000, 0x00000000d5580000)
  object space 33792K, 28% used [0x0000000080000000,0x00000000809802d8,0x0000000082100000)
 Metaspace       used 20596K, capacity 21228K, committed 21296K, reserved 1067008K
  class space    used 2877K, capacity 3084K, committed 3120K, reserved 1048576K
}
Event: 14.138 GC heap before
{Heap before GC invocations=10 (full 1):
 PSYoungGen      total 125440K, used 116736K [0x00000000d5580000, 0x00000000dd880000, 0x0000000100000000)
  eden space 116736K, 100% used [0x00000000d5580000,0x00000000dc780000,0x00000000dc780000)
  from space 8704K, 0% used [0x00000000dd000000,0x00000000dd000000,0x00000000dd880000)
  to   space 8704K, 0% used [0x00000000dc780000,0x00000000dc780000,0x00000000dd000000)
 ParOldGen       total 33792K, used 9728K [0x0000000080000000, 0x0000000082100000, 0x00000000d5580000)
  object space 33792K, 28% used [0x0000000080000000,0x00000000809802d8,0x0000000082100000)
 Metaspace       used 31812K, capacity 32524K, committed 32816K, reserved 1077248K
  class space    used 4317K, capacity 4542K, committed 4656K, reserved 1048576K
Event: 14.192 GC heap after
Heap after GC invocations=10 (full 1):
 PSYoungGen      total 125440K, used 8682K [0x00000000d5580000, 0x00000000e0b80000, 0x0000000100000000)
  eden space 116736K, 0% used [0x00000000d5580000,0x00000000d5580000,0x00000000dc780000)
  from space 8704K, 99% used [0x00000000dc780000,0x00000000dcffa9b0,0x00000000dd000000)
  to   space 11264K, 0% used [0x00000000e0080000,0x00000000e0080000,0x00000000e0b80000)
 ParOldGen       total 33792K, used 13460K [0x0000000080000000, 0x0000000082100000, 0x00000000d5580000)
  object space 33792K, 39% used [0x0000000080000000,0x0000000080d25120,0x0000000082100000)
 Metaspace       used 31812K, capacity 32524K, committed 32816K, reserved 1077248K
  class space    used 4317K, capacity 4542K, committed 4656K, reserved 1048576K
}
Event: 15.787 GC heap before
{Heap before GC invocations=11 (full 1):
 PSYoungGen      total 125440K, used 70616K [0x00000000d5580000, 0x00000000e0b80000, 0x0000000100000000)
  eden space 116736K, 53% used [0x00000000d5580000,0x00000000d91fb6c8,0x00000000dc780000)
  from space 8704K, 99% used [0x00000000dc780000,0x00000000dcffa9b0,0x00000000dd000000)
  to   space 11264K, 0% used [0x00000000e0080000,0x00000000e0080000,0x00000000e0b80000)
 ParOldGen       total 33792K, used 13460K [0x0000000080000000, 0x0000000082100000, 0x00000000d5580000)
  object space 33792K, 39% used [0x0000000080000000,0x0000000080d25120,0x0000000082100000)
 Metaspace       used 34611K, capacity 35430K, committed 35496K, reserved 1079296K
  class space    used 4746K, capacity 5002K, committed 5040K, reserved 1048576K
Event: 15.854 GC heap after
Heap after GC invocations=11 (full 1):
 PSYoungGen      total 174080K, used 9195K [0x00000000d5580000, 0x00000000e1300000, 0x0000000100000000)
  eden space 162816K, 0% used [0x00000000d5580000,0x00000000d5580000,0x00000000df480000)
  from space 11264K, 81% used [0x00000000e0080000,0x00000000e097ac88,0x00000000e0b80000)
  to   space 12288K, 0% used [0x00000000df480000,0x00000000df480000,0x00000000e0080000)
 ParOldGen       total 33792K, used 13468K [0x0000000080000000, 0x0000000082100000, 0x00000000d5580000)
  object space 33792K, 39% used [0x0000000080000000,0x0000000080d27120,0x0000000082100000)
 Metaspace       used 34611K, capacity 35430K, committed 35496K, reserved 1079296K
  class space    used 4746K, capacity 5002K, committed 5040K, reserved 1048576K
}
Event: 15.855 GC heap before
{Heap before GC invocations=12 (full 2):
 PSYoungGen      total 174080K, used 9195K [0x00000000d5580000, 0x00000000e1300000, 0x0000000100000000)
  eden space 162816K, 0% used [0x00000000d5580000,0x00000000d5580000,0x00000000df480000)
  from space 11264K, 81% used [0x00000000e0080000,0x00000000e097ac88,0x00000000e0b80000)
  to   space 12288K, 0% used [0x00000000df480000,0x00000000df480000,0x00000000e0080000)
 ParOldGen       total 33792K, used 13468K [0x0000000080000000, 0x0000000082100000, 0x00000000d5580000)
  object space 33792K, 39% used [0x0000000080000000,0x0000000080d27120,0x0000000082100000)
 Metaspace       used 34611K, capacity 35430K, committed 35496K, reserved 1079296K
  class space    used 4746K, capacity 5002K, committed 5040K, reserved 1048576K
Event: 16.297 GC heap after
Heap after GC invocations=12 (full 2):
 PSYoungGen      total 174080K, used 0K [0x00000000d5580000, 0x00000000e1300000, 0x0000000100000000)
  eden space 162816K, 0% used [0x00000000d5580000,0x00000000d5580000,0x00000000df480000)
  from space 11264K, 0% used [0x00000000e0080000,0x00000000e0080000,0x00000000e0b80000)
  to   space 12288K, 0% used [0x00000000df480000,0x00000000df480000,0x00000000e0080000)
 ParOldGen       total 53760K, used 15755K [0x0000000080000000, 0x0000000083480000, 0x00000000d5580000)
  object space 53760K, 29% used [0x0000000080000000,0x0000000080f62d10,0x0000000083480000)
 Metaspace       used 34611K, capacity 35430K, committed 35496K, reserved 1079296K
  class space    used 4746K, capacity 5002K, committed 5040K, reserved 1048576K
}
Event: 26.827 GC heap before
{Heap before GC invocations=13 (full 2):
 PSYoungGen      total 174080K, used 162816K [0x00000000d5580000, 0x00000000e1300000, 0x0000000100000000)
  eden space 162816K, 100% used [0x00000000d5580000,0x00000000df480000,0x00000000df480000)
  from space 11264K, 0% used [0x00000000e0080000,0x00000000e0080000,0x00000000e0b80000)
  to   space 12288K, 0% used [0x00000000df480000,0x00000000df480000,0x00000000e0080000)
 ParOldGen       total 53760K, used 15755K [0x0000000080000000, 0x0000000083480000, 0x00000000d5580000)
  object space 53760K, 29% used [0x0000000080000000,0x0000000080f62d10,0x0000000083480000)
 Metaspace       used 49393K, capacity 50936K, committed 51368K, reserved 1095680K
  class space    used 6587K, capacity 6963K, committed 7088K, reserved 1048576K
Event: 26.971 GC heap after
Heap after GC invocations=13 (full 2):
 PSYoungGen      total 175104K, used 12286K [0x00000000d5580000, 0x00000000e1300000, 0x0000000100000000)
  eden space 162816K, 0% used [0x00000000d5580000,0x00000000d5580000,0x00000000df480000)
  from space 12288K, 99% used [0x00000000df480000,0x00000000e007f890,0x00000000e0080000)
  to   space 11264K, 0% used [0x00000000e0080000,0x00000000e0080000,0x00000000e0b80000)
 ParOldGen       total 53760K, used 23616K [0x0000000080000000, 0x0000000083480000, 0x00000000d5580000)
  object space 53760K, 43% used [0x0000000080000000,0x0000000081710310,0x0000000083480000)
 Metaspace       used 49393K, capacity 50936K, committed 51368K, reserved 1095680K
  class space    used 6587K, capacity 6963K, committed 7088K, reserved 1048576K
}

